<?xml version="1.0" encoding="UTF-8"?>
<testsuite name="com.example.demo.mappers.QuizMapperTest" tests="2" skipped="0" failures="0" errors="0" timestamp="2021-01-13T20:45:31" hostname="l-abstractor.local" time="0.251">
  <properties/>
  <testcase name="testFromQuizDtoToQuiz()" classname="com.example.demo.mappers.QuizMapperTest" time="0.245"/>
  <testcase name="testFromQuizToQuizDto()" classname="com.example.demo.mappers.QuizMapperTest" time="0.004"/>
  <system-out><![CDATA[14:45:22.433 [Test worker] DEBUG org.springframework.test.context.BootstrapUtils - Instantiating CacheAwareContextLoaderDelegate from class [org.springframework.test.context.cache.DefaultCacheAwareContextLoaderDelegate]
14:45:22.473 [Test worker] DEBUG org.springframework.test.context.BootstrapUtils - Instantiating BootstrapContext using constructor [public org.springframework.test.context.support.DefaultBootstrapContext(java.lang.Class,org.springframework.test.context.CacheAwareContextLoaderDelegate)]
14:45:22.564 [Test worker] DEBUG org.springframework.test.context.BootstrapUtils - Instantiating TestContextBootstrapper for test class [com.example.demo.mappers.QuizMapperTest] from class [org.springframework.boot.test.context.SpringBootTestContextBootstrapper]
14:45:22.593 [Test worker] INFO org.springframework.boot.test.context.SpringBootTestContextBootstrapper - Neither @ContextConfiguration nor @ContextHierarchy found for test class [com.example.demo.mappers.QuizMapperTest], using SpringBootContextLoader
14:45:22.608 [Test worker] DEBUG org.springframework.test.context.support.AbstractContextLoader - Did not detect default resource location for test class [com.example.demo.mappers.QuizMapperTest]: class path resource [com/example/demo/mappers/QuizMapperTest-context.xml] does not exist
14:45:22.610 [Test worker] DEBUG org.springframework.test.context.support.AbstractContextLoader - Did not detect default resource location for test class [com.example.demo.mappers.QuizMapperTest]: class path resource [com/example/demo/mappers/QuizMapperTestContext.groovy] does not exist
14:45:22.610 [Test worker] INFO org.springframework.test.context.support.AbstractContextLoader - Could not detect default resource locations for test class [com.example.demo.mappers.QuizMapperTest]: no resource found for suffixes {-context.xml, Context.groovy}.
14:45:22.612 [Test worker] INFO org.springframework.test.context.support.AnnotationConfigContextLoaderUtils - Could not detect default configuration classes for test class [com.example.demo.mappers.QuizMapperTest]: QuizMapperTest does not declare any static, non-private, non-final, nested classes annotated with @Configuration.
14:45:22.722 [Test worker] DEBUG org.springframework.test.context.support.ActiveProfilesUtils - Could not find an 'annotation declaring class' for annotation type [org.springframework.test.context.ActiveProfiles] and class [com.example.demo.mappers.QuizMapperTest]
14:45:22.889 [Test worker] DEBUG org.springframework.context.annotation.ClassPathScanningCandidateComponentProvider - Identified candidate component class: file [/Users/slothisnotasin/code/cooksys/mockito-testing-example/build/classes/java/main/com/example/demo/DemoApplication.class]
14:45:22.891 [Test worker] INFO org.springframework.boot.test.context.SpringBootTestContextBootstrapper - Found @SpringBootConfiguration com.example.demo.DemoApplication for test class com.example.demo.mappers.QuizMapperTest
14:45:23.144 [Test worker] DEBUG org.springframework.boot.test.context.SpringBootTestContextBootstrapper - @TestExecutionListeners is not present for class [com.example.demo.mappers.QuizMapperTest]: using defaults.
14:45:23.146 [Test worker] INFO org.springframework.boot.test.context.SpringBootTestContextBootstrapper - Loaded default TestExecutionListener class names from location [META-INF/spring.factories]: [org.springframework.boot.test.autoconfigure.restdocs.RestDocsTestExecutionListener, org.springframework.boot.test.autoconfigure.web.client.MockRestServiceServerResetTestExecutionListener, org.springframework.boot.test.autoconfigure.web.servlet.MockMvcPrintOnlyOnFailureTestExecutionListener, org.springframework.boot.test.autoconfigure.web.servlet.WebDriverTestExecutionListener, org.springframework.boot.test.autoconfigure.webservices.client.MockWebServiceServerTestExecutionListener, org.springframework.boot.test.mock.mockito.MockitoTestExecutionListener, org.springframework.boot.test.mock.mockito.ResetMocksTestExecutionListener, org.springframework.test.context.web.ServletTestExecutionListener, org.springframework.test.context.support.DirtiesContextBeforeModesTestExecutionListener, org.springframework.test.context.support.DependencyInjectionTestExecutionListener, org.springframework.test.context.support.DirtiesContextTestExecutionListener, org.springframework.test.context.transaction.TransactionalTestExecutionListener, org.springframework.test.context.jdbc.SqlScriptsTestExecutionListener, org.springframework.test.context.event.EventPublishingTestExecutionListener]
14:45:23.200 [Test worker] INFO org.springframework.boot.test.context.SpringBootTestContextBootstrapper - Using TestExecutionListeners: [org.springframework.test.context.web.ServletTestExecutionListener@79c54502, org.springframework.test.context.support.DirtiesContextBeforeModesTestExecutionListener@341582a5, org.springframework.boot.test.mock.mockito.MockitoTestExecutionListener@227d8b8d, org.springframework.boot.test.autoconfigure.SpringBootDependencyInjectionTestExecutionListener@40ed438f, org.springframework.test.context.support.DirtiesContextTestExecutionListener@1353e3c5, org.springframework.test.context.transaction.TransactionalTestExecutionListener@b4b5ba0, org.springframework.test.context.jdbc.SqlScriptsTestExecutionListener@45a488a7, org.springframework.test.context.event.EventPublishingTestExecutionListener@6fff4aa7, org.springframework.boot.test.autoconfigure.restdocs.RestDocsTestExecutionListener@63bed156, org.springframework.boot.test.autoconfigure.web.client.MockRestServiceServerResetTestExecutionListener@32f900da, org.springframework.boot.test.autoconfigure.web.servlet.MockMvcPrintOnlyOnFailureTestExecutionListener@53795792, org.springframework.boot.test.autoconfigure.web.servlet.WebDriverTestExecutionListener@46c68528, org.springframework.boot.test.autoconfigure.webservices.client.MockWebServiceServerTestExecutionListener@53e7d8c7, org.springframework.boot.test.mock.mockito.ResetMocksTestExecutionListener@29e2fdb1]
14:45:23.208 [Test worker] DEBUG org.springframework.test.context.support.AbstractDirtiesContextTestExecutionListener - Before test class: context [DefaultTestContext@62ae1893 testClass = QuizMapperTest, testInstance = [null], testMethod = [null], testException = [null], mergedContextConfiguration = [WebMergedContextConfiguration@20c7fecc testClass = QuizMapperTest, locations = '{}', classes = '{class com.example.demo.DemoApplication}', contextInitializerClasses = '[]', activeProfiles = '{}', propertySourceLocations = '{}', propertySourceProperties = '{org.springframework.boot.test.context.SpringBootTestContextBootstrapper=true}', contextCustomizers = set[org.springframework.boot.test.autoconfigure.actuate.metrics.MetricsExportContextCustomizerFactory$DisableMetricExportContextCustomizer@80c447f, org.springframework.boot.test.autoconfigure.properties.PropertyMappingContextCustomizer@0, org.springframework.boot.test.autoconfigure.web.servlet.WebDriverContextCustomizerFactory$Customizer@48130e5d, org.springframework.boot.test.context.filter.ExcludeFilterContextCustomizer@5142475, org.springframework.boot.test.json.DuplicateJsonObjectContextCustomizerFactory$DuplicateJsonObjectContextCustomizer@55a8388b, org.springframework.boot.test.mock.mockito.MockitoContextCustomizer@0, org.springframework.boot.test.web.client.TestRestTemplateContextCustomizer@1e3770e0, org.springframework.boot.test.context.SpringBootTestArgs@1, org.springframework.boot.test.context.SpringBootTestWebEnvironment@6479d7f9], resourceBasePath = 'src/main/webapp', contextLoader = 'org.springframework.boot.test.context.SpringBootContextLoader', parent = [null]], attributes = map['org.springframework.test.context.web.ServletTestExecutionListener.activateListener' -> true]], class annotated with @DirtiesContext [false] with mode [null].
14:45:23.284 [Test worker] DEBUG org.springframework.test.context.support.TestPropertySourceUtils - Adding inlined properties to environment: {spring.jmx.enabled=false, org.springframework.boot.test.context.SpringBootTestContextBootstrapper=true}

  .   ____          _            __ _ _
 /\\ / ___'_ __ _ _(_)_ __  __ _ \ \ \ \
( ( )\___ | '_ | '_| | '_ \/ _` | \ \ \ \
 \\/  ___)| |_)| | | | | || (_| |  ) ) ) )
  '  |____| .__|_| |_|_| |_\__, | / / / /
 =========|_|==============|___/=/_/_/_/
 :: Spring Boot ::                (v2.4.1)

2021-01-13 14:45:23.960  INFO 91003 --- [    Test worker] com.example.demo.mappers.QuizMapperTest  : Starting QuizMapperTest using Java 14.0.1 on l-abstractor.local with PID 91003 (started by slothisnotasin in /Users/slothisnotasin/code/cooksys/mockito-testing-example)
2021-01-13 14:45:23.965  INFO 91003 --- [    Test worker] com.example.demo.mappers.QuizMapperTest  : No active profile set, falling back to default profiles: default
2021-01-13 14:45:25.629  INFO 91003 --- [    Test worker] .s.d.r.c.RepositoryConfigurationDelegate : Bootstrapping Spring Data JPA repositories in DEFAULT mode.
2021-01-13 14:45:25.720  INFO 91003 --- [    Test worker] .s.d.r.c.RepositoryConfigurationDelegate : Finished Spring Data repository scanning in 76 ms. Found 1 JPA repository interfaces.
2021-01-13 14:45:26.652  INFO 91003 --- [    Test worker] com.zaxxer.hikari.HikariDataSource       : HikariPool-1 - Starting...
2021-01-13 14:45:27.157  INFO 91003 --- [    Test worker] com.zaxxer.hikari.HikariDataSource       : HikariPool-1 - Start completed.
2021-01-13 14:45:27.279  INFO 91003 --- [    Test worker] o.hibernate.jpa.internal.util.LogHelper  : HHH000204: Processing PersistenceUnitInfo [name: default]
2021-01-13 14:45:27.401  INFO 91003 --- [    Test worker] org.hibernate.Version                    : HHH000412: Hibernate ORM core version 5.4.25.Final
2021-01-13 14:45:27.647  INFO 91003 --- [    Test worker] o.hibernate.annotations.common.Version   : HCANN000001: Hibernate Commons Annotations {5.1.2.Final}
2021-01-13 14:45:27.944  INFO 91003 --- [    Test worker] org.hibernate.dialect.Dialect            : HHH000400: Using dialect: org.hibernate.dialect.H2Dialect
2021-01-13 14:45:29.039  INFO 91003 --- [    Test worker] o.h.e.t.j.p.i.JtaPlatformInitiator       : HHH000490: Using JtaPlatform implementation: [org.hibernate.engine.transaction.jta.platform.internal.NoJtaPlatform]
2021-01-13 14:45:29.057  INFO 91003 --- [    Test worker] j.LocalContainerEntityManagerFactoryBean : Initialized JPA EntityManagerFactory for persistence unit 'default'
2021-01-13 14:45:29.955  WARN 91003 --- [    Test worker] JpaBaseConfiguration$JpaWebConfiguration : spring.jpa.open-in-view is enabled by default. Therefore, database queries may be performed during view rendering. Explicitly configure spring.jpa.open-in-view to disable this warning
2021-01-13 14:45:30.474  INFO 91003 --- [    Test worker] o.s.s.concurrent.ThreadPoolTaskExecutor  : Initializing ExecutorService 'applicationTaskExecutor'
2021-01-13 14:45:31.360  INFO 91003 --- [    Test worker] o.s.b.a.e.web.EndpointLinksResolver      : Exposing 2 endpoint(s) beneath base path '/actuator'
2021-01-13 14:45:31.486  INFO 91003 --- [    Test worker] com.example.demo.mappers.QuizMapperTest  : Started QuizMapperTest in 8.165 seconds (JVM running for 10.463)
]]></system-out>
  <system-err><![CDATA[]]></system-err>
</testsuite>
