<?xml version="1.0" encoding="UTF-8"?>
<testsuite name="com.example.demo.DemoApplicationTests" tests="1" skipped="0" failures="0" errors="0" timestamp="2021-01-13T20:45:32" hostname="l-abstractor.local" time="0.006">
  <properties/>
  <testcase name="contextLoads()" classname="com.example.demo.DemoApplicationTests" time="0.006"/>
  <system-out><![CDATA[2021-01-13 14:45:32.126  INFO 91003 --- [    Test worker] .b.t.c.SpringBootTestContextBootstrapper : Neither @ContextConfiguration nor @ContextHierarchy found for test class [com.example.demo.DemoApplicationTests], using SpringBootContextLoader
2021-01-13 14:45:32.128  INFO 91003 --- [    Test worker] o.s.t.c.support.AbstractContextLoader    : Could not detect default resource locations for test class [com.example.demo.DemoApplicationTests]: no resource found for suffixes {-context.xml, Context.groovy}.
2021-01-13 14:45:32.129  INFO 91003 --- [    Test worker] t.c.s.AnnotationConfigContextLoaderUtils : Could not detect default configuration classes for test class [com.example.demo.DemoApplicationTests]: DemoApplicationTests does not declare any static, non-private, non-final, nested classes annotated with @Configuration.
2021-01-13 14:45:32.138  INFO 91003 --- [    Test worker] .b.t.c.SpringBootTestContextBootstrapper : Found @SpringBootConfiguration com.example.demo.DemoApplication for test class com.example.demo.DemoApplicationTests
2021-01-13 14:45:32.141  INFO 91003 --- [    Test worker] .b.t.c.SpringBootTestContextBootstrapper : Loaded default TestExecutionListener class names from location [META-INF/spring.factories]: [org.springframework.boot.test.autoconfigure.restdocs.RestDocsTestExecutionListener, org.springframework.boot.test.autoconfigure.web.client.MockRestServiceServerResetTestExecutionListener, org.springframework.boot.test.autoconfigure.web.servlet.MockMvcPrintOnlyOnFailureTestExecutionListener, org.springframework.boot.test.autoconfigure.web.servlet.WebDriverTestExecutionListener, org.springframework.boot.test.autoconfigure.webservices.client.MockWebServiceServerTestExecutionListener, org.springframework.boot.test.mock.mockito.MockitoTestExecutionListener, org.springframework.boot.test.mock.mockito.ResetMocksTestExecutionListener, org.springframework.test.context.web.ServletTestExecutionListener, org.springframework.test.context.support.DirtiesContextBeforeModesTestExecutionListener, org.springframework.test.context.support.DependencyInjectionTestExecutionListener, org.springframework.test.context.support.DirtiesContextTestExecutionListener, org.springframework.test.context.transaction.TransactionalTestExecutionListener, org.springframework.test.context.jdbc.SqlScriptsTestExecutionListener, org.springframework.test.context.event.EventPublishingTestExecutionListener]
2021-01-13 14:45:32.142  INFO 91003 --- [    Test worker] .b.t.c.SpringBootTestContextBootstrapper : Using TestExecutionListeners: [org.springframework.test.context.web.ServletTestExecutionListener@57900e76, org.springframework.test.context.support.DirtiesContextBeforeModesTestExecutionListener@6d3d35, org.springframework.boot.test.mock.mockito.MockitoTestExecutionListener@619bf648, org.springframework.boot.test.autoconfigure.SpringBootDependencyInjectionTestExecutionListener@5509c150, org.springframework.test.context.support.DirtiesContextTestExecutionListener@2bd9639, org.springframework.test.context.transaction.TransactionalTestExecutionListener@6b5087ce, org.springframework.test.context.jdbc.SqlScriptsTestExecutionListener@55c7155a, org.springframework.test.context.event.EventPublishingTestExecutionListener@4edf4df3, org.springframework.boot.test.autoconfigure.restdocs.RestDocsTestExecutionListener@203d064f, org.springframework.boot.test.autoconfigure.web.client.MockRestServiceServerResetTestExecutionListener@4fbc9b71, org.springframework.boot.test.autoconfigure.web.servlet.MockMvcPrintOnlyOnFailureTestExecutionListener@223c2a19, org.springframework.boot.test.autoconfigure.web.servlet.WebDriverTestExecutionListener@16b84b78, org.springframework.boot.test.autoconfigure.webservices.client.MockWebServiceServerTestExecutionListener@5e7f389e, org.springframework.boot.test.mock.mockito.ResetMocksTestExecutionListener@75335733]
]]></system-out>
  <system-err><![CDATA[]]></system-err>
</testsuite>
