<?xml version="1.0" encoding="UTF-8"?>
<testsuite name="com.example.demo.models.QuizDtoTest" tests="3" skipped="0" failures="0" errors="0" timestamp="2021-01-13T20:45:22" hostname="l-abstractor.local" time="0.04">
  <properties/>
  <testcase name="testGetAndSetName()" classname="com.example.demo.models.QuizDtoTest" time="0.033"/>
  <testcase name="testGetAndSetId()" classname="com.example.demo.models.QuizDtoTest" time="0.002"/>
  <testcase name="testEquals()" classname="com.example.demo.models.QuizDtoTest" time="0.004"/>
  <system-out><![CDATA[]]></system-out>
  <system-err><![CDATA[]]></system-err>
</testsuite>
