<?xml version="1.0" encoding="UTF-8"?>
<testsuite name="com.example.demo.entities.QuizTest" tests="3" skipped="0" failures="0" errors="0" timestamp="2021-01-13T20:45:32" hostname="l-abstractor.local" time="0.005">
  <properties/>
  <testcase name="testGetAndSetName()" classname="com.example.demo.entities.QuizTest" time="0.001"/>
  <testcase name="testGetAndSetId()" classname="com.example.demo.entities.QuizTest" time="0.002"/>
  <testcase name="testEquals()" classname="com.example.demo.entities.QuizTest" time="0.0"/>
  <system-out><![CDATA[]]></system-out>
  <system-err><![CDATA[]]></system-err>
</testsuite>
