<?xml version="1.0" encoding="UTF-8"?>
<testsuite name="com.example.demo.services.impl.QuizServiceImplTest" tests="2" skipped="0" failures="0" errors="0" timestamp="2021-01-13T20:45:31" hostname="l-abstractor.local" time="0.144">
  <properties/>
  <testcase name="testGetAllQuizzes()" classname="com.example.demo.services.impl.QuizServiceImplTest" time="0.139"/>
  <testcase name="testCreateQuiz()" classname="com.example.demo.services.impl.QuizServiceImplTest" time="0.005"/>
  <system-out><![CDATA[]]></system-out>
  <system-err><![CDATA[]]></system-err>
</testsuite>
